D:\BOLTS\LIBS\DEBUG\NEWBOLTS.LIB
D:\Bolts\projects\NewBolts\\..\..\libs\Debug\NewBolts.lib
D:\Bolts\projects\NewBolts\Debug\cl.command.1.tlog
D:\Bolts\projects\NewBolts\Debug\CL.read.1.tlog
D:\Bolts\projects\NewBolts\Debug\CL.write.1.tlog
D:\BOLTS\PROJECTS\NEWBOLTS\DEBUG\COMPILATION.OBJ
D:\BOLTS\PROJECTS\NEWBOLTS\DEBUG\FILEMANAGER.OBJ
D:\BOLTS\PROJECTS\NEWBOLTS\DEBUG\GLBUFFER.OBJ
D:\BOLTS\PROJECTS\NEWBOLTS\DEBUG\GLDRIVER.OBJ
D:\BOLTS\PROJECTS\NEWBOLTS\DEBUG\GLRENDERING.OBJ
D:\BOLTS\PROJECTS\NEWBOLTS\DEBUG\GLSLPROGRAM.OBJ
D:\BOLTS\PROJECTS\NEWBOLTS\DEBUG\GLVERTEXBUFFER.OBJ
D:\BOLTS\PROJECTS\NEWBOLTS\DEBUG\GPUBUFFER.OBJ
D:\BOLTS\PROJECTS\NEWBOLTS\DEBUG\GPUBUFFERBASE.OBJ
D:\BOLTS\PROJECTS\NEWBOLTS\DEBUG\GPUVERTEXBUFFERBASE.OBJ
D:\BOLTS\PROJECTS\NEWBOLTS\DEBUG\HELPERS.OBJ
D:\BOLTS\PROJECTS\NEWBOLTS\DEBUG\INPUTMANAGER.OBJ
D:\Bolts\projects\NewBolts\Debug\lib.command.1.tlog
D:\Bolts\projects\NewBolts\Debug\Lib-link.read.1.tlog
D:\Bolts\projects\NewBolts\Debug\Lib-link.write.1.tlog
D:\BOLTS\PROJECTS\NEWBOLTS\DEBUG\LOGGER.OBJ
D:\BOLTS\PROJECTS\NEWBOLTS\DEBUG\NEWBOLTS.PCH
D:\BOLTS\PROJECTS\NEWBOLTS\DEBUG\RENDERING.OBJ
D:\Bolts\projects\NewBolts\Debug\Shooty.ilk
D:\Bolts\projects\NewBolts\Debug\Shooty.pdb
D:\BOLTS\PROJECTS\NEWBOLTS\DEBUG\STDAFX.OBJ
D:\BOLTS\PROJECTS\NEWBOLTS\DEBUG\SYSTEM.OBJ
D:\BOLTS\PROJECTS\NEWBOLTS\DEBUG\SYSTEM_WIN32.OBJ
D:\BOLTS\PROJECTS\NEWBOLTS\DEBUG\SYSTEM_WIN32_IMPL.OBJ
D:\Bolts\projects\NewBolts\Debug\vc100.idb
D:\BOLTS\PROJECTS\NEWBOLTS\DEBUG\VC100.PDB
