D:\BOLTS\BIN\DEBUG\SHOOTY.EXE
D:\BOLTS\BIN\DEBUG\SHOOTY.ILK
D:\BOLTS\BIN\DEBUG\SHOOTY.PDB
D:\Bolts\projects\NewBolts\..\..\bin\Debug\Shooty.exe
D:\Bolts\projects\NewBolts\..\..\bin\Debug\Shooty.ilk
D:\Bolts\projects\NewBolts\..\..\bin\Debug\Shooty.pdb
D:\BOLTS\PROJECTS\NEWBOLTS\DEBUG\SHOOTY.EXE
D:\Bolts\projects\Shooty\Debug\cl.command.1.tlog
D:\Bolts\projects\Shooty\Debug\CL.read.1.tlog
D:\Bolts\projects\Shooty\Debug\CL.write.1.tlog
D:\Bolts\projects\Shooty\Debug\link.command.1.tlog
D:\Bolts\projects\Shooty\Debug\link.read.1.tlog
D:\Bolts\projects\Shooty\Debug\link.read.2.tlog
D:\Bolts\projects\Shooty\Debug\link.write.1.tlog
D:\Bolts\projects\Shooty\Debug\mt.command.1.tlog
D:\Bolts\projects\Shooty\Debug\mt.read.1.tlog
D:\Bolts\projects\Shooty\Debug\mt.write.1.tlog
D:\BOLTS\PROJECTS\SHOOTY\DEBUG\SHOOTY.EXE.INTERMEDIATE.MANIFEST
D:\BOLTS\PROJECTS\SHOOTY\DEBUG\SHOOTY.OBJ
D:\Bolts\projects\Shooty\Debug\vc100.idb
D:\BOLTS\PROJECTS\SHOOTY\DEBUG\VC100.PDB
